INFO - 2023-06-15 12:57:23 --> Session: Class initialized using 'CodeIgniter\Session\Handlers\FileHandler' driver.
INFO - 2023-06-15 12:59:53 --> Session: Class initialized using 'CodeIgniter\Session\Handlers\FileHandler' driver.
CRITICAL - 2023-06-15 12:59:56 --> Undefined array key "username"
in APPPATH\Controllers\Auth.php on line 53.
 1 APPPATH\Controllers\Auth.php(53): CodeIgniter\Debug\Exceptions->errorHandler(2, 'Undefined array key "username"', 'D:\\codeigniter4-framework-5d3d4b2\\app\\Controllers\\Auth.php', 53)
 2 SYSTEMPATH\CodeIgniter.php(934): App\Controllers\Auth->login()
 3 SYSTEMPATH\CodeIgniter.php(499): CodeIgniter\CodeIgniter->runController(Object(App\Controllers\Auth))
 4 SYSTEMPATH\CodeIgniter.php(368): CodeIgniter\CodeIgniter->handleRequest(null, Object(Config\Cache), false)
 5 FCPATH\index.php(67): CodeIgniter\CodeIgniter->run()
 6 SYSTEMPATH\Commands\Server\rewrite.php(47): require_once('D:\\codeigniter4-framework-5d3d4b2\\public\\index.php')
INFO - 2023-06-15 13:00:28 --> Session: Class initialized using 'CodeIgniter\Session\Handlers\FileHandler' driver.
INFO - 2023-06-15 13:00:28 --> Session: Class initialized using 'CodeIgniter\Session\Handlers\FileHandler' driver.
CRITICAL - 2023-06-15 13:00:28 --> Undefined variable $username
in APPPATH\Views\Dashboard.php on line 13.
 1 APPPATH\Views\Dashboard.php(13): CodeIgniter\Debug\Exceptions->errorHandler(2, 'Undefined variable $username', 'D:\\codeigniter4-framework-5d3d4b2\\app\\Views\\Dashboard.php', 13)
 2 SYSTEMPATH\View\View.php(213): include('D:\\codeigniter4-framework-5d3d4b2\\app\\Views\\Dashboard.php')
 3 SYSTEMPATH\View\View.php(216): CodeIgniter\View\View->CodeIgniter\View\{closure}()
 4 SYSTEMPATH\Common.php(1184): CodeIgniter\View\View->render('Dashboard', [], true)
 5 APPPATH\Controllers\Home.php(9): view('Dashboard')
 6 SYSTEMPATH\CodeIgniter.php(934): App\Controllers\Home->index()
 7 SYSTEMPATH\CodeIgniter.php(499): CodeIgniter\CodeIgniter->runController(Object(App\Controllers\Home))
 8 SYSTEMPATH\CodeIgniter.php(368): CodeIgniter\CodeIgniter->handleRequest(null, Object(Config\Cache), false)
 9 FCPATH\index.php(67): CodeIgniter\CodeIgniter->run()
10 SYSTEMPATH\Commands\Server\rewrite.php(47): require_once('D:\\codeigniter4-framework-5d3d4b2\\public\\index.php')
INFO - 2023-06-15 13:29:06 --> Session: Class initialized using 'CodeIgniter\Session\Handlers\FileHandler' driver.
CRITICAL - 2023-06-15 13:29:06 --> Undefined variable $username
in APPPATH\Views\Dashboard.php on line 13.
 1 APPPATH\Views\Dashboard.php(13): CodeIgniter\Debug\Exceptions->errorHandler(2, 'Undefined variable $username', 'D:\\codeigniter4-framework-5d3d4b2\\app\\Views\\Dashboard.php', 13)
 2 SYSTEMPATH\View\View.php(213): include('D:\\codeigniter4-framework-5d3d4b2\\app\\Views\\Dashboard.php')
 3 SYSTEMPATH\View\View.php(216): CodeIgniter\View\View->CodeIgniter\View\{closure}()
 4 SYSTEMPATH\Common.php(1184): CodeIgniter\View\View->render('Dashboard', [], true)
 5 APPPATH\Controllers\Home.php(9): view('Dashboard')
 6 SYSTEMPATH\CodeIgniter.php(934): App\Controllers\Home->index()
 7 SYSTEMPATH\CodeIgniter.php(499): CodeIgniter\CodeIgniter->runController(Object(App\Controllers\Home))
 8 SYSTEMPATH\CodeIgniter.php(368): CodeIgniter\CodeIgniter->handleRequest(null, Object(Config\Cache), false)
 9 FCPATH\index.php(67): CodeIgniter\CodeIgniter->run()
10 SYSTEMPATH\Commands\Server\rewrite.php(47): require_once('D:\\codeigniter4-framework-5d3d4b2\\public\\index.php')
INFO - 2023-06-15 13:31:49 --> Session: Class initialized using 'CodeIgniter\Session\Handlers\FileHandler' driver.
INFO - 2023-06-15 13:32:32 --> Session: Class initialized using 'CodeIgniter\Session\Handlers\FileHandler' driver.
INFO - 2023-06-15 13:32:34 --> Session: Class initialized using 'CodeIgniter\Session\Handlers\FileHandler' driver.
INFO - 2023-06-15 13:32:34 --> Session: Class initialized using 'CodeIgniter\Session\Handlers\FileHandler' driver.
INFO - 2023-06-15 13:32:36 --> Session: Class initialized using 'CodeIgniter\Session\Handlers\FileHandler' driver.
INFO - 2023-06-15 13:32:37 --> Session: Class initialized using 'CodeIgniter\Session\Handlers\FileHandler' driver.
INFO - 2023-06-15 13:32:38 --> Session: Class initialized using 'CodeIgniter\Session\Handlers\FileHandler' driver.
INFO - 2023-06-15 13:32:38 --> Session: Class initialized using 'CodeIgniter\Session\Handlers\FileHandler' driver.
INFO - 2023-06-15 13:32:40 --> Session: Class initialized using 'CodeIgniter\Session\Handlers\FileHandler' driver.
INFO - 2023-06-15 13:36:56 --> Session: Class initialized using 'CodeIgniter\Session\Handlers\FileHandler' driver.
INFO - 2023-06-15 13:41:15 --> Session: Class initialized using 'CodeIgniter\Session\Handlers\FileHandler' driver.
INFO - 2023-06-15 13:41:39 --> Session: Class initialized using 'CodeIgniter\Session\Handlers\FileHandler' driver.
INFO - 2023-06-15 13:41:44 --> Session: Class initialized using 'CodeIgniter\Session\Handlers\FileHandler' driver.
INFO - 2023-06-15 13:42:01 --> Session: Class initialized using 'CodeIgniter\Session\Handlers\FileHandler' driver.
INFO - 2023-06-15 14:21:08 --> Session: Class initialized using 'CodeIgniter\Session\Handlers\FileHandler' driver.
INFO - 2023-06-15 14:21:38 --> Session: Class initialized using 'CodeIgniter\Session\Handlers\FileHandler' driver.
INFO - 2023-06-15 14:22:20 --> Session: Class initialized using 'CodeIgniter\Session\Handlers\FileHandler' driver.
INFO - 2023-06-15 14:22:23 --> Session: Class initialized using 'CodeIgniter\Session\Handlers\FileHandler' driver.
INFO - 2023-06-15 14:23:41 --> Session: Class initialized using 'CodeIgniter\Session\Handlers\FileHandler' driver.
CRITICAL - 2023-06-15 14:23:45 --> Undefined array key "Id_user"
in APPPATH\Controllers\Catatan.php on line 42.
 1 APPPATH\Controllers\Catatan.php(42): CodeIgniter\Debug\Exceptions->errorHandler(2, 'Undefined array key "Id_user"', 'D:\\codeigniter4-framework-5d3d4b2\\app\\Controllers\\Catatan.php', 42)
 2 SYSTEMPATH\CodeIgniter.php(934): App\Controllers\Catatan->Inserttable()
 3 SYSTEMPATH\CodeIgniter.php(499): CodeIgniter\CodeIgniter->runController(Object(App\Controllers\Catatan))
 4 SYSTEMPATH\CodeIgniter.php(368): CodeIgniter\CodeIgniter->handleRequest(null, Object(Config\Cache), false)
 5 FCPATH\index.php(67): CodeIgniter\CodeIgniter->run()
 6 SYSTEMPATH\Commands\Server\rewrite.php(47): require_once('D:\\codeigniter4-framework-5d3d4b2\\public\\index.php')
INFO - 2023-06-15 14:25:13 --> Session: Class initialized using 'CodeIgniter\Session\Handlers\FileHandler' driver.
ERROR - 2023-06-15 14:25:15 --> mysqli_sql_exception: You have an error in your SQL syntax; check the manual that corresponds to your MySQL server version for the right syntax to use near '1 PRIMARY KEY(`transaksi_id`)
) DEFAULT CHARACTER SET = utf8 COLLATE = utf8_gene' at line 6 in D:\codeigniter4-framework-5d3d4b2\system\Database\MySQLi\Connection.php:295
Stack trace:
#0 D:\codeigniter4-framework-5d3d4b2\system\Database\MySQLi\Connection.php(295): mysqli->query('CREATE TABLE `l...', 0)
#1 D:\codeigniter4-framework-5d3d4b2\system\Database\BaseConnection.php(692): CodeIgniter\Database\MySQLi\Connection->execute('CREATE TABLE `l...')
#2 D:\codeigniter4-framework-5d3d4b2\system\Database\BaseConnection.php(606): CodeIgniter\Database\BaseConnection->simpleQuery('CREATE TABLE `l...')
#3 D:\codeigniter4-framework-5d3d4b2\system\Database\Forge.php(546): CodeIgniter\Database\BaseConnection->query('CREATE TABLE `l...')
#4 D:\codeigniter4-framework-5d3d4b2\app\Models\LaporanModel.php(61): CodeIgniter\Database\Forge->createTable('laporan_11')
#5 D:\codeigniter4-framework-5d3d4b2\app\Controllers\Catatan.php(44): App\Models\LaporanModel->Newlaporan('11')
#6 D:\codeigniter4-framework-5d3d4b2\system\CodeIgniter.php(934): App\Controllers\Catatan->Inserttable()
#7 D:\codeigniter4-framework-5d3d4b2\system\CodeIgniter.php(499): CodeIgniter\CodeIgniter->runController(Object(App\Controllers\Catatan))
#8 D:\codeigniter4-framework-5d3d4b2\system\CodeIgniter.php(368): CodeIgniter\CodeIgniter->handleRequest(NULL, Object(Config\Cache), false)
#9 D:\codeigniter4-framework-5d3d4b2\public\index.php(67): CodeIgniter\CodeIgniter->run()
#10 D:\codeigniter4-framework-5d3d4b2\system\Commands\Server\rewrite.php(47): require_once('D:\\codeigniter4...')
#11 {main}
CRITICAL - 2023-06-15 14:25:15 --> You have an error in your SQL syntax; check the manual that corresponds to your MySQL server version for the right syntax to use near '1 PRIMARY KEY(`transaksi_id`)
) DEFAULT CHARACTER SET = utf8 COLLATE = utf8_gene' at line 6
in SYSTEMPATH\Database\MySQLi\Connection.php on line 295.
 1 SYSTEMPATH\Database\MySQLi\Connection.php(295): mysqli->query('CREATE TABLE `laporan_11` (
	`transaksi_id` INT(10) UNSIGNED NOT NULL AUTO_INCREMENT,
	`nama_transaksi` VARCHAR(1000) NOT NULL,
	`nominal` INT(14) NOT NULL,
	`Tgl` DATETIME NOT NULL,
	CONSTRAINT 1 PRIMARY KEY(`transaksi_id`)
) DEFAULT CHARACTER SET = utf8 COLLATE = utf8_general_ci', 0)
 2 SYSTEMPATH\Database\BaseConnection.php(692): CodeIgniter\Database\MySQLi\Connection->execute('CREATE TABLE `laporan_11` (
	`transaksi_id` INT(10) UNSIGNED NOT NULL AUTO_INCREMENT,
	`nama_transaksi` VARCHAR(1000) NOT NULL,
	`nominal` INT(14) NOT NULL,
	`Tgl` DATETIME NOT NULL,
	CONSTRAINT 1 PRIMARY KEY(`transaksi_id`)
) DEFAULT CHARACTER SET = utf8 COLLATE = utf8_general_ci')
 3 SYSTEMPATH\Database\BaseConnection.php(606): CodeIgniter\Database\BaseConnection->simpleQuery('CREATE TABLE `laporan_11` (
	`transaksi_id` INT(10) UNSIGNED NOT NULL AUTO_INCREMENT,
	`nama_transaksi` VARCHAR(1000) NOT NULL,
	`nominal` INT(14) NOT NULL,
	`Tgl` DATETIME NOT NULL,
	CONSTRAINT 1 PRIMARY KEY(`transaksi_id`)
) DEFAULT CHARACTER SET = utf8 COLLATE = utf8_general_ci')
 4 SYSTEMPATH\Database\Forge.php(546): CodeIgniter\Database\BaseConnection->query('CREATE TABLE `laporan_11` (
	`transaksi_id` INT(10) UNSIGNED NOT NULL AUTO_INCREMENT,
	`nama_transaksi` VARCHAR(1000) NOT NULL,
	`nominal` INT(14) NOT NULL,
	`Tgl` DATETIME NOT NULL,
	CONSTRAINT 1 PRIMARY KEY(`transaksi_id`)
) DEFAULT CHARACTER SET = utf8 COLLATE = utf8_general_ci')
 5 APPPATH\Models\LaporanModel.php(61): CodeIgniter\Database\Forge->createTable('laporan_11')
 6 APPPATH\Controllers\Catatan.php(44): App\Models\LaporanModel->Newlaporan('11')
 7 SYSTEMPATH\CodeIgniter.php(934): App\Controllers\Catatan->Inserttable()
 8 SYSTEMPATH\CodeIgniter.php(499): CodeIgniter\CodeIgniter->runController(Object(App\Controllers\Catatan))
 9 SYSTEMPATH\CodeIgniter.php(368): CodeIgniter\CodeIgniter->handleRequest(null, Object(Config\Cache), false)
10 FCPATH\index.php(67): CodeIgniter\CodeIgniter->run()
11 SYSTEMPATH\Commands\Server\rewrite.php(47): require_once('D:\\codeigniter4-framework-5d3d4b2\\public\\index.php')
INFO - 2023-06-15 14:30:03 --> Session: Class initialized using 'CodeIgniter\Session\Handlers\FileHandler' driver.
ERROR - 2023-06-15 14:30:04 --> mysqli_sql_exception: You have an error in your SQL syntax; check the manual that corresponds to your MySQL server version for the right syntax to use near '1 PRIMARY KEY(`transaksi_id`)
) DEFAULT CHARACTER SET = utf8 COLLATE = utf8_gene' at line 6 in D:\codeigniter4-framework-5d3d4b2\system\Database\MySQLi\Connection.php:295
Stack trace:
#0 D:\codeigniter4-framework-5d3d4b2\system\Database\MySQLi\Connection.php(295): mysqli->query('CREATE TABLE `l...', 0)
#1 D:\codeigniter4-framework-5d3d4b2\system\Database\BaseConnection.php(692): CodeIgniter\Database\MySQLi\Connection->execute('CREATE TABLE `l...')
#2 D:\codeigniter4-framework-5d3d4b2\system\Database\BaseConnection.php(606): CodeIgniter\Database\BaseConnection->simpleQuery('CREATE TABLE `l...')
#3 D:\codeigniter4-framework-5d3d4b2\system\Database\Forge.php(546): CodeIgniter\Database\BaseConnection->query('CREATE TABLE `l...')
#4 D:\codeigniter4-framework-5d3d4b2\app\Models\LaporanModel.php(62): CodeIgniter\Database\Forge->createTable('laporan_11')
#5 D:\codeigniter4-framework-5d3d4b2\app\Controllers\Catatan.php(44): App\Models\LaporanModel->Newlaporan('11')
#6 D:\codeigniter4-framework-5d3d4b2\system\CodeIgniter.php(934): App\Controllers\Catatan->Inserttable()
#7 D:\codeigniter4-framework-5d3d4b2\system\CodeIgniter.php(499): CodeIgniter\CodeIgniter->runController(Object(App\Controllers\Catatan))
#8 D:\codeigniter4-framework-5d3d4b2\system\CodeIgniter.php(368): CodeIgniter\CodeIgniter->handleRequest(NULL, Object(Config\Cache), false)
#9 D:\codeigniter4-framework-5d3d4b2\public\index.php(67): CodeIgniter\CodeIgniter->run()
#10 D:\codeigniter4-framework-5d3d4b2\system\Commands\Server\rewrite.php(47): require_once('D:\\codeigniter4...')
#11 {main}
CRITICAL - 2023-06-15 14:30:04 --> You have an error in your SQL syntax; check the manual that corresponds to your MySQL server version for the right syntax to use near '1 PRIMARY KEY(`transaksi_id`)
) DEFAULT CHARACTER SET = utf8 COLLATE = utf8_gene' at line 6
in SYSTEMPATH\Database\MySQLi\Connection.php on line 295.
 1 SYSTEMPATH\Database\MySQLi\Connection.php(295): mysqli->query('CREATE TABLE `laporan_11` (
	`transaksi_id` INT(10) UNSIGNED NOT NULL AUTO_INCREMENT,
	`nama_transaksi` VARCHAR(1000) NOT NULL,
	`nominal` INT(14) NOT NULL,
	`Tgl` DATETIME NOT NULL,
	CONSTRAINT 1 PRIMARY KEY(`transaksi_id`)
) DEFAULT CHARACTER SET = utf8 COLLATE = utf8_general_ci', 0)
 2 SYSTEMPATH\Database\BaseConnection.php(692): CodeIgniter\Database\MySQLi\Connection->execute('CREATE TABLE `laporan_11` (
	`transaksi_id` INT(10) UNSIGNED NOT NULL AUTO_INCREMENT,
	`nama_transaksi` VARCHAR(1000) NOT NULL,
	`nominal` INT(14) NOT NULL,
	`Tgl` DATETIME NOT NULL,
	CONSTRAINT 1 PRIMARY KEY(`transaksi_id`)
) DEFAULT CHARACTER SET = utf8 COLLATE = utf8_general_ci')
 3 SYSTEMPATH\Database\BaseConnection.php(606): CodeIgniter\Database\BaseConnection->simpleQuery('CREATE TABLE `laporan_11` (
	`transaksi_id` INT(10) UNSIGNED NOT NULL AUTO_INCREMENT,
	`nama_transaksi` VARCHAR(1000) NOT NULL,
	`nominal` INT(14) NOT NULL,
	`Tgl` DATETIME NOT NULL,
	CONSTRAINT 1 PRIMARY KEY(`transaksi_id`)
) DEFAULT CHARACTER SET = utf8 COLLATE = utf8_general_ci')
 4 SYSTEMPATH\Database\Forge.php(546): CodeIgniter\Database\BaseConnection->query('CREATE TABLE `laporan_11` (
	`transaksi_id` INT(10) UNSIGNED NOT NULL AUTO_INCREMENT,
	`nama_transaksi` VARCHAR(1000) NOT NULL,
	`nominal` INT(14) NOT NULL,
	`Tgl` DATETIME NOT NULL,
	CONSTRAINT 1 PRIMARY KEY(`transaksi_id`)
) DEFAULT CHARACTER SET = utf8 COLLATE = utf8_general_ci')
 5 APPPATH\Models\LaporanModel.php(62): CodeIgniter\Database\Forge->createTable('laporan_11')
 6 APPPATH\Controllers\Catatan.php(44): App\Models\LaporanModel->Newlaporan('11')
 7 SYSTEMPATH\CodeIgniter.php(934): App\Controllers\Catatan->Inserttable()
 8 SYSTEMPATH\CodeIgniter.php(499): CodeIgniter\CodeIgniter->runController(Object(App\Controllers\Catatan))
 9 SYSTEMPATH\CodeIgniter.php(368): CodeIgniter\CodeIgniter->handleRequest(null, Object(Config\Cache), false)
10 FCPATH\index.php(67): CodeIgniter\CodeIgniter->run()
11 SYSTEMPATH\Commands\Server\rewrite.php(47): require_once('D:\\codeigniter4-framework-5d3d4b2\\public\\index.php')
INFO - 2023-06-15 14:31:16 --> Session: Class initialized using 'CodeIgniter\Session\Handlers\FileHandler' driver.
ERROR - 2023-06-15 14:31:16 --> mysqli_sql_exception: You have an error in your SQL syntax; check the manual that corresponds to your MySQL server version for the right syntax to use near '1 PRIMARY KEY(`transaksi_id`)
) DEFAULT CHARACTER SET = utf8 COLLATE = utf8_gene' at line 6 in D:\codeigniter4-framework-5d3d4b2\system\Database\MySQLi\Connection.php:295
Stack trace:
#0 D:\codeigniter4-framework-5d3d4b2\system\Database\MySQLi\Connection.php(295): mysqli->query('CREATE TABLE `l...', 0)
#1 D:\codeigniter4-framework-5d3d4b2\system\Database\BaseConnection.php(692): CodeIgniter\Database\MySQLi\Connection->execute('CREATE TABLE `l...')
#2 D:\codeigniter4-framework-5d3d4b2\system\Database\BaseConnection.php(606): CodeIgniter\Database\BaseConnection->simpleQuery('CREATE TABLE `l...')
#3 D:\codeigniter4-framework-5d3d4b2\system\Database\Forge.php(546): CodeIgniter\Database\BaseConnection->query('CREATE TABLE `l...')
#4 D:\codeigniter4-framework-5d3d4b2\app\Models\LaporanModel.php(63): CodeIgniter\Database\Forge->createTable('laporan_11')
#5 D:\codeigniter4-framework-5d3d4b2\app\Controllers\Catatan.php(43): App\Models\LaporanModel->Newlaporan()
#6 D:\codeigniter4-framework-5d3d4b2\system\CodeIgniter.php(934): App\Controllers\Catatan->Inserttable()
#7 D:\codeigniter4-framework-5d3d4b2\system\CodeIgniter.php(499): CodeIgniter\CodeIgniter->runController(Object(App\Controllers\Catatan))
#8 D:\codeigniter4-framework-5d3d4b2\system\CodeIgniter.php(368): CodeIgniter\CodeIgniter->handleRequest(NULL, Object(Config\Cache), false)
#9 D:\codeigniter4-framework-5d3d4b2\public\index.php(67): CodeIgniter\CodeIgniter->run()
#10 D:\codeigniter4-framework-5d3d4b2\system\Commands\Server\rewrite.php(47): require_once('D:\\codeigniter4...')
#11 {main}
CRITICAL - 2023-06-15 14:31:16 --> You have an error in your SQL syntax; check the manual that corresponds to your MySQL server version for the right syntax to use near '1 PRIMARY KEY(`transaksi_id`)
) DEFAULT CHARACTER SET = utf8 COLLATE = utf8_gene' at line 6
in SYSTEMPATH\Database\MySQLi\Connection.php on line 295.
 1 SYSTEMPATH\Database\MySQLi\Connection.php(295): mysqli->query('CREATE TABLE `laporan_11` (
	`transaksi_id` INT(10) UNSIGNED NOT NULL AUTO_INCREMENT,
	`nama_transaksi` VARCHAR(1000) NOT NULL,
	`nominal` INT(14) NOT NULL,
	`Tgl` DATETIME NOT NULL,
	CONSTRAINT 1 PRIMARY KEY(`transaksi_id`)
) DEFAULT CHARACTER SET = utf8 COLLATE = utf8_general_ci', 0)
 2 SYSTEMPATH\Database\BaseConnection.php(692): CodeIgniter\Database\MySQLi\Connection->execute('CREATE TABLE `laporan_11` (
	`transaksi_id` INT(10) UNSIGNED NOT NULL AUTO_INCREMENT,
	`nama_transaksi` VARCHAR(1000) NOT NULL,
	`nominal` INT(14) NOT NULL,
	`Tgl` DATETIME NOT NULL,
	CONSTRAINT 1 PRIMARY KEY(`transaksi_id`)
) DEFAULT CHARACTER SET = utf8 COLLATE = utf8_general_ci')
 3 SYSTEMPATH\Database\BaseConnection.php(606): CodeIgniter\Database\BaseConnection->simpleQuery('CREATE TABLE `laporan_11` (
	`transaksi_id` INT(10) UNSIGNED NOT NULL AUTO_INCREMENT,
	`nama_transaksi` VARCHAR(1000) NOT NULL,
	`nominal` INT(14) NOT NULL,
	`Tgl` DATETIME NOT NULL,
	CONSTRAINT 1 PRIMARY KEY(`transaksi_id`)
) DEFAULT CHARACTER SET = utf8 COLLATE = utf8_general_ci')
 4 SYSTEMPATH\Database\Forge.php(546): CodeIgniter\Database\BaseConnection->query('CREATE TABLE `laporan_11` (
	`transaksi_id` INT(10) UNSIGNED NOT NULL AUTO_INCREMENT,
	`nama_transaksi` VARCHAR(1000) NOT NULL,
	`nominal` INT(14) NOT NULL,
	`Tgl` DATETIME NOT NULL,
	CONSTRAINT 1 PRIMARY KEY(`transaksi_id`)
) DEFAULT CHARACTER SET = utf8 COLLATE = utf8_general_ci')
 5 APPPATH\Models\LaporanModel.php(63): CodeIgniter\Database\Forge->createTable('laporan_11')
 6 APPPATH\Controllers\Catatan.php(43): App\Models\LaporanModel->Newlaporan()
 7 SYSTEMPATH\CodeIgniter.php(934): App\Controllers\Catatan->Inserttable()
 8 SYSTEMPATH\CodeIgniter.php(499): CodeIgniter\CodeIgniter->runController(Object(App\Controllers\Catatan))
 9 SYSTEMPATH\CodeIgniter.php(368): CodeIgniter\CodeIgniter->handleRequest(null, Object(Config\Cache), false)
10 FCPATH\index.php(67): CodeIgniter\CodeIgniter->run()
11 SYSTEMPATH\Commands\Server\rewrite.php(47): require_once('D:\\codeigniter4-framework-5d3d4b2\\public\\index.php')
INFO - 2023-06-15 14:38:35 --> Session: Class initialized using 'CodeIgniter\Session\Handlers\FileHandler' driver.
ERROR - 2023-06-15 14:38:36 --> mysqli_sql_exception: You have an error in your SQL syntax; check the manual that corresponds to your MySQL server version for the right syntax to use near '1 PRIMARY KEY(`transaksi_id`)
) DEFAULT CHARACTER SET = utf8 COLLATE = utf8_gene' at line 6 in D:\codeigniter4-framework-5d3d4b2\system\Database\MySQLi\Connection.php:295
Stack trace:
#0 D:\codeigniter4-framework-5d3d4b2\system\Database\MySQLi\Connection.php(295): mysqli->query('CREATE TABLE `l...', 0)
#1 D:\codeigniter4-framework-5d3d4b2\system\Database\BaseConnection.php(692): CodeIgniter\Database\MySQLi\Connection->execute('CREATE TABLE `l...')
#2 D:\codeigniter4-framework-5d3d4b2\system\Database\BaseConnection.php(606): CodeIgniter\Database\BaseConnection->simpleQuery('CREATE TABLE `l...')
#3 D:\codeigniter4-framework-5d3d4b2\system\Database\Forge.php(546): CodeIgniter\Database\BaseConnection->query('CREATE TABLE `l...')
#4 D:\codeigniter4-framework-5d3d4b2\app\Models\LaporanModel.php(66): CodeIgniter\Database\Forge->createTable('laporan_11')
#5 D:\codeigniter4-framework-5d3d4b2\app\Controllers\Catatan.php(43): App\Models\LaporanModel->Newlaporan()
#6 D:\codeigniter4-framework-5d3d4b2\system\CodeIgniter.php(934): App\Controllers\Catatan->Inserttable()
#7 D:\codeigniter4-framework-5d3d4b2\system\CodeIgniter.php(499): CodeIgniter\CodeIgniter->runController(Object(App\Controllers\Catatan))
#8 D:\codeigniter4-framework-5d3d4b2\system\CodeIgniter.php(368): CodeIgniter\CodeIgniter->handleRequest(NULL, Object(Config\Cache), false)
#9 D:\codeigniter4-framework-5d3d4b2\public\index.php(67): CodeIgniter\CodeIgniter->run()
#10 D:\codeigniter4-framework-5d3d4b2\system\Commands\Server\rewrite.php(47): require_once('D:\\codeigniter4...')
#11 {main}
CRITICAL - 2023-06-15 14:38:36 --> You have an error in your SQL syntax; check the manual that corresponds to your MySQL server version for the right syntax to use near '1 PRIMARY KEY(`transaksi_id`)
) DEFAULT CHARACTER SET = utf8 COLLATE = utf8_gene' at line 6
in SYSTEMPATH\Database\MySQLi\Connection.php on line 295.
 1 SYSTEMPATH\Database\MySQLi\Connection.php(295): mysqli->query('CREATE TABLE `laporan_11` (
	`transaksi_id` INT(10) UNSIGNED NOT NULL AUTO_INCREMENT,
	`nama_transaksi` VARCHAR(1000) NOT NULL,
	`nominal` INT(14) NOT NULL,
	`Tgl` DATETIME NOT NULL,
	CONSTRAINT 1 PRIMARY KEY(`transaksi_id`)
) DEFAULT CHARACTER SET = utf8 COLLATE = utf8_general_ci', 0)
 2 SYSTEMPATH\Database\BaseConnection.php(692): CodeIgniter\Database\MySQLi\Connection->execute('CREATE TABLE `laporan_11` (
	`transaksi_id` INT(10) UNSIGNED NOT NULL AUTO_INCREMENT,
	`nama_transaksi` VARCHAR(1000) NOT NULL,
	`nominal` INT(14) NOT NULL,
	`Tgl` DATETIME NOT NULL,
	CONSTRAINT 1 PRIMARY KEY(`transaksi_id`)
) DEFAULT CHARACTER SET = utf8 COLLATE = utf8_general_ci')
 3 SYSTEMPATH\Database\BaseConnection.php(606): CodeIgniter\Database\BaseConnection->simpleQuery('CREATE TABLE `laporan_11` (
	`transaksi_id` INT(10) UNSIGNED NOT NULL AUTO_INCREMENT,
	`nama_transaksi` VARCHAR(1000) NOT NULL,
	`nominal` INT(14) NOT NULL,
	`Tgl` DATETIME NOT NULL,
	CONSTRAINT 1 PRIMARY KEY(`transaksi_id`)
) DEFAULT CHARACTER SET = utf8 COLLATE = utf8_general_ci')
 4 SYSTEMPATH\Database\Forge.php(546): CodeIgniter\Database\BaseConnection->query('CREATE TABLE `laporan_11` (
	`transaksi_id` INT(10) UNSIGNED NOT NULL AUTO_INCREMENT,
	`nama_transaksi` VARCHAR(1000) NOT NULL,
	`nominal` INT(14) NOT NULL,
	`Tgl` DATETIME NOT NULL,
	CONSTRAINT 1 PRIMARY KEY(`transaksi_id`)
) DEFAULT CHARACTER SET = utf8 COLLATE = utf8_general_ci')
 5 APPPATH\Models\LaporanModel.php(66): CodeIgniter\Database\Forge->createTable('laporan_11')
 6 APPPATH\Controllers\Catatan.php(43): App\Models\LaporanModel->Newlaporan()
 7 SYSTEMPATH\CodeIgniter.php(934): App\Controllers\Catatan->Inserttable()
 8 SYSTEMPATH\CodeIgniter.php(499): CodeIgniter\CodeIgniter->runController(Object(App\Controllers\Catatan))
 9 SYSTEMPATH\CodeIgniter.php(368): CodeIgniter\CodeIgniter->handleRequest(null, Object(Config\Cache), false)
10 FCPATH\index.php(67): CodeIgniter\CodeIgniter->run()
11 SYSTEMPATH\Commands\Server\rewrite.php(47): require_once('D:\\codeigniter4-framework-5d3d4b2\\public\\index.php')
INFO - 2023-06-15 14:40:24 --> Session: Class initialized using 'CodeIgniter\Session\Handlers\FileHandler' driver.
ERROR - 2023-06-15 14:40:24 --> mysqli_sql_exception: You have an error in your SQL syntax; check the manual that corresponds to your MySQL server version for the right syntax to use near '1 PRIMARY KEY(`transaksi_id`)
) DEFAULT CHARACTER SET = utf8 COLLATE = utf8_gene' at line 6 in D:\codeigniter4-framework-5d3d4b2\system\Database\MySQLi\Connection.php:295
Stack trace:
#0 D:\codeigniter4-framework-5d3d4b2\system\Database\MySQLi\Connection.php(295): mysqli->query('CREATE TABLE `l...', 0)
#1 D:\codeigniter4-framework-5d3d4b2\system\Database\BaseConnection.php(692): CodeIgniter\Database\MySQLi\Connection->execute('CREATE TABLE `l...')
#2 D:\codeigniter4-framework-5d3d4b2\system\Database\BaseConnection.php(606): CodeIgniter\Database\BaseConnection->simpleQuery('CREATE TABLE `l...')
#3 D:\codeigniter4-framework-5d3d4b2\system\Database\Forge.php(546): CodeIgniter\Database\BaseConnection->query('CREATE TABLE `l...')
#4 D:\codeigniter4-framework-5d3d4b2\app\Models\LaporanModel.php(65): CodeIgniter\Database\Forge->createTable('laporan_11')
#5 D:\codeigniter4-framework-5d3d4b2\app\Controllers\Catatan.php(43): App\Models\LaporanModel->Newlaporan()
#6 D:\codeigniter4-framework-5d3d4b2\system\CodeIgniter.php(934): App\Controllers\Catatan->Inserttable()
#7 D:\codeigniter4-framework-5d3d4b2\system\CodeIgniter.php(499): CodeIgniter\CodeIgniter->runController(Object(App\Controllers\Catatan))
#8 D:\codeigniter4-framework-5d3d4b2\system\CodeIgniter.php(368): CodeIgniter\CodeIgniter->handleRequest(NULL, Object(Config\Cache), false)
#9 D:\codeigniter4-framework-5d3d4b2\public\index.php(67): CodeIgniter\CodeIgniter->run()
#10 D:\codeigniter4-framework-5d3d4b2\system\Commands\Server\rewrite.php(47): require_once('D:\\codeigniter4...')
#11 {main}
CRITICAL - 2023-06-15 14:40:24 --> You have an error in your SQL syntax; check the manual that corresponds to your MySQL server version for the right syntax to use near '1 PRIMARY KEY(`transaksi_id`)
) DEFAULT CHARACTER SET = utf8 COLLATE = utf8_gene' at line 6
in SYSTEMPATH\Database\MySQLi\Connection.php on line 295.
 1 SYSTEMPATH\Database\MySQLi\Connection.php(295): mysqli->query('CREATE TABLE `laporan_11` (
	`transaksi_id` INT(10) NOT NULL AUTO_INCREMENT,
	`nama_transaksi` VARCHAR(1000) NOT NULL,
	`nominal` INT(14) NOT NULL,
	`Tgl` DATETIME NOT NULL,
	CONSTRAINT 1 PRIMARY KEY(`transaksi_id`)
) DEFAULT CHARACTER SET = utf8 COLLATE = utf8_general_ci', 0)
 2 SYSTEMPATH\Database\BaseConnection.php(692): CodeIgniter\Database\MySQLi\Connection->execute('CREATE TABLE `laporan_11` (
	`transaksi_id` INT(10) NOT NULL AUTO_INCREMENT,
	`nama_transaksi` VARCHAR(1000) NOT NULL,
	`nominal` INT(14) NOT NULL,
	`Tgl` DATETIME NOT NULL,
	CONSTRAINT 1 PRIMARY KEY(`transaksi_id`)
) DEFAULT CHARACTER SET = utf8 COLLATE = utf8_general_ci')
 3 SYSTEMPATH\Database\BaseConnection.php(606): CodeIgniter\Database\BaseConnection->simpleQuery('CREATE TABLE `laporan_11` (
	`transaksi_id` INT(10) NOT NULL AUTO_INCREMENT,
	`nama_transaksi` VARCHAR(1000) NOT NULL,
	`nominal` INT(14) NOT NULL,
	`Tgl` DATETIME NOT NULL,
	CONSTRAINT 1 PRIMARY KEY(`transaksi_id`)
) DEFAULT CHARACTER SET = utf8 COLLATE = utf8_general_ci')
 4 SYSTEMPATH\Database\Forge.php(546): CodeIgniter\Database\BaseConnection->query('CREATE TABLE `laporan_11` (
	`transaksi_id` INT(10) NOT NULL AUTO_INCREMENT,
	`nama_transaksi` VARCHAR(1000) NOT NULL,
	`nominal` INT(14) NOT NULL,
	`Tgl` DATETIME NOT NULL,
	CONSTRAINT 1 PRIMARY KEY(`transaksi_id`)
) DEFAULT CHARACTER SET = utf8 COLLATE = utf8_general_ci')
 5 APPPATH\Models\LaporanModel.php(65): CodeIgniter\Database\Forge->createTable('laporan_11')
 6 APPPATH\Controllers\Catatan.php(43): App\Models\LaporanModel->Newlaporan()
 7 SYSTEMPATH\CodeIgniter.php(934): App\Controllers\Catatan->Inserttable()
 8 SYSTEMPATH\CodeIgniter.php(499): CodeIgniter\CodeIgniter->runController(Object(App\Controllers\Catatan))
 9 SYSTEMPATH\CodeIgniter.php(368): CodeIgniter\CodeIgniter->handleRequest(null, Object(Config\Cache), false)
10 FCPATH\index.php(67): CodeIgniter\CodeIgniter->run()
11 SYSTEMPATH\Commands\Server\rewrite.php(47): require_once('D:\\codeigniter4-framework-5d3d4b2\\public\\index.php')
INFO - 2023-06-15 14:40:28 --> Session: Class initialized using 'CodeIgniter\Session\Handlers\FileHandler' driver.
ERROR - 2023-06-15 14:40:28 --> mysqli_sql_exception: You have an error in your SQL syntax; check the manual that corresponds to your MySQL server version for the right syntax to use near '1 PRIMARY KEY(`transaksi_id`)
) DEFAULT CHARACTER SET = utf8 COLLATE = utf8_gene' at line 6 in D:\codeigniter4-framework-5d3d4b2\system\Database\MySQLi\Connection.php:295
Stack trace:
#0 D:\codeigniter4-framework-5d3d4b2\system\Database\MySQLi\Connection.php(295): mysqli->query('CREATE TABLE `l...', 0)
#1 D:\codeigniter4-framework-5d3d4b2\system\Database\BaseConnection.php(692): CodeIgniter\Database\MySQLi\Connection->execute('CREATE TABLE `l...')
#2 D:\codeigniter4-framework-5d3d4b2\system\Database\BaseConnection.php(606): CodeIgniter\Database\BaseConnection->simpleQuery('CREATE TABLE `l...')
#3 D:\codeigniter4-framework-5d3d4b2\system\Database\Forge.php(546): CodeIgniter\Database\BaseConnection->query('CREATE TABLE `l...')
#4 D:\codeigniter4-framework-5d3d4b2\app\Models\LaporanModel.php(65): CodeIgniter\Database\Forge->createTable('laporan_11')
#5 D:\codeigniter4-framework-5d3d4b2\app\Controllers\Catatan.php(43): App\Models\LaporanModel->Newlaporan()
#6 D:\codeigniter4-framework-5d3d4b2\system\CodeIgniter.php(934): App\Controllers\Catatan->Inserttable()
#7 D:\codeigniter4-framework-5d3d4b2\system\CodeIgniter.php(499): CodeIgniter\CodeIgniter->runController(Object(App\Controllers\Catatan))
#8 D:\codeigniter4-framework-5d3d4b2\system\CodeIgniter.php(368): CodeIgniter\CodeIgniter->handleRequest(NULL, Object(Config\Cache), false)
#9 D:\codeigniter4-framework-5d3d4b2\public\index.php(67): CodeIgniter\CodeIgniter->run()
#10 D:\codeigniter4-framework-5d3d4b2\system\Commands\Server\rewrite.php(47): require_once('D:\\codeigniter4...')
#11 {main}
CRITICAL - 2023-06-15 14:40:28 --> You have an error in your SQL syntax; check the manual that corresponds to your MySQL server version for the right syntax to use near '1 PRIMARY KEY(`transaksi_id`)
) DEFAULT CHARACTER SET = utf8 COLLATE = utf8_gene' at line 6
in SYSTEMPATH\Database\MySQLi\Connection.php on line 295.
 1 SYSTEMPATH\Database\MySQLi\Connection.php(295): mysqli->query('CREATE TABLE `laporan_11` (
	`transaksi_id` INT(10) NOT NULL AUTO_INCREMENT,
	`nama_transaksi` VARCHAR(1000) NOT NULL,
	`nominal` INT(14) NOT NULL,
	`Tgl` DATETIME NOT NULL,
	CONSTRAINT 1 PRIMARY KEY(`transaksi_id`)
) DEFAULT CHARACTER SET = utf8 COLLATE = utf8_general_ci', 0)
 2 SYSTEMPATH\Database\BaseConnection.php(692): CodeIgniter\Database\MySQLi\Connection->execute('CREATE TABLE `laporan_11` (
	`transaksi_id` INT(10) NOT NULL AUTO_INCREMENT,
	`nama_transaksi` VARCHAR(1000) NOT NULL,
	`nominal` INT(14) NOT NULL,
	`Tgl` DATETIME NOT NULL,
	CONSTRAINT 1 PRIMARY KEY(`transaksi_id`)
) DEFAULT CHARACTER SET = utf8 COLLATE = utf8_general_ci')
 3 SYSTEMPATH\Database\BaseConnection.php(606): CodeIgniter\Database\BaseConnection->simpleQuery('CREATE TABLE `laporan_11` (
	`transaksi_id` INT(10) NOT NULL AUTO_INCREMENT,
	`nama_transaksi` VARCHAR(1000) NOT NULL,
	`nominal` INT(14) NOT NULL,
	`Tgl` DATETIME NOT NULL,
	CONSTRAINT 1 PRIMARY KEY(`transaksi_id`)
) DEFAULT CHARACTER SET = utf8 COLLATE = utf8_general_ci')
 4 SYSTEMPATH\Database\Forge.php(546): CodeIgniter\Database\BaseConnection->query('CREATE TABLE `laporan_11` (
	`transaksi_id` INT(10) NOT NULL AUTO_INCREMENT,
	`nama_transaksi` VARCHAR(1000) NOT NULL,
	`nominal` INT(14) NOT NULL,
	`Tgl` DATETIME NOT NULL,
	CONSTRAINT 1 PRIMARY KEY(`transaksi_id`)
) DEFAULT CHARACTER SET = utf8 COLLATE = utf8_general_ci')
 5 APPPATH\Models\LaporanModel.php(65): CodeIgniter\Database\Forge->createTable('laporan_11')
 6 APPPATH\Controllers\Catatan.php(43): App\Models\LaporanModel->Newlaporan()
 7 SYSTEMPATH\CodeIgniter.php(934): App\Controllers\Catatan->Inserttable()
 8 SYSTEMPATH\CodeIgniter.php(499): CodeIgniter\CodeIgniter->runController(Object(App\Controllers\Catatan))
 9 SYSTEMPATH\CodeIgniter.php(368): CodeIgniter\CodeIgniter->handleRequest(null, Object(Config\Cache), false)
10 FCPATH\index.php(67): CodeIgniter\CodeIgniter->run()
11 SYSTEMPATH\Commands\Server\rewrite.php(47): require_once('D:\\codeigniter4-framework-5d3d4b2\\public\\index.php')
INFO - 2023-06-15 14:41:43 --> Session: Class initialized using 'CodeIgniter\Session\Handlers\FileHandler' driver.
CRITICAL - 2023-06-15 14:41:43 --> Field information is required for that operation.
in SYSTEMPATH\Database\Forge.php on line 372.
 1 SYSTEMPATH\Database\Forge.php(385): CodeIgniter\Database\Forge->addField('transaksi_id')
 2 APPPATH\Models\LaporanModel.php(65): CodeIgniter\Database\Forge->addField([...])
 3 APPPATH\Controllers\Catatan.php(43): App\Models\LaporanModel->Newlaporan()
 4 SYSTEMPATH\CodeIgniter.php(934): App\Controllers\Catatan->Inserttable()
 5 SYSTEMPATH\CodeIgniter.php(499): CodeIgniter\CodeIgniter->runController(Object(App\Controllers\Catatan))
 6 SYSTEMPATH\CodeIgniter.php(368): CodeIgniter\CodeIgniter->handleRequest(null, Object(Config\Cache), false)
 7 FCPATH\index.php(67): CodeIgniter\CodeIgniter->run()
 8 SYSTEMPATH\Commands\Server\rewrite.php(47): require_once('D:\\codeigniter4-framework-5d3d4b2\\public\\index.php')
INFO - 2023-06-15 14:42:46 --> Session: Class initialized using 'CodeIgniter\Session\Handlers\FileHandler' driver.
ERROR - 2023-06-15 14:42:46 --> mysqli_sql_exception: You have an error in your SQL syntax; check the manual that corresponds to your MySQL server version for the right syntax to use near 'NOT NULL,
	`kategori` VARCHAR NOT NULL,
	`nominal` int NOT NULL,
	`Tanggal` DATE' at line 3 in D:\codeigniter4-framework-5d3d4b2\system\Database\MySQLi\Connection.php:295
Stack trace:
#0 D:\codeigniter4-framework-5d3d4b2\system\Database\MySQLi\Connection.php(295): mysqli->query('CREATE TABLE `l...', 0)
#1 D:\codeigniter4-framework-5d3d4b2\system\Database\BaseConnection.php(692): CodeIgniter\Database\MySQLi\Connection->execute('CREATE TABLE `l...')
#2 D:\codeigniter4-framework-5d3d4b2\system\Database\BaseConnection.php(606): CodeIgniter\Database\BaseConnection->simpleQuery('CREATE TABLE `l...')
#3 D:\codeigniter4-framework-5d3d4b2\system\Database\Forge.php(546): CodeIgniter\Database\BaseConnection->query('CREATE TABLE `l...')
#4 D:\codeigniter4-framework-5d3d4b2\app\Models\LaporanModel.php(69): CodeIgniter\Database\Forge->createTable('laporan_11')
#5 D:\codeigniter4-framework-5d3d4b2\app\Controllers\Catatan.php(43): App\Models\LaporanModel->Newlaporan()
#6 D:\codeigniter4-framework-5d3d4b2\system\CodeIgniter.php(934): App\Controllers\Catatan->Inserttable()
#7 D:\codeigniter4-framework-5d3d4b2\system\CodeIgniter.php(499): CodeIgniter\CodeIgniter->runController(Object(App\Controllers\Catatan))
#8 D:\codeigniter4-framework-5d3d4b2\system\CodeIgniter.php(368): CodeIgniter\CodeIgniter->handleRequest(NULL, Object(Config\Cache), false)
#9 D:\codeigniter4-framework-5d3d4b2\public\index.php(67): CodeIgniter\CodeIgniter->run()
#10 D:\codeigniter4-framework-5d3d4b2\system\Commands\Server\rewrite.php(47): require_once('D:\\codeigniter4...')
#11 {main}
CRITICAL - 2023-06-15 14:42:46 --> You have an error in your SQL syntax; check the manual that corresponds to your MySQL server version for the right syntax to use near 'NOT NULL,
	`kategori` VARCHAR NOT NULL,
	`nominal` int NOT NULL,
	`Tanggal` DATE' at line 3
in SYSTEMPATH\Database\MySQLi\Connection.php on line 295.
 1 SYSTEMPATH\Database\MySQLi\Connection.php(295): mysqli->query('CREATE TABLE `laporan_11` (
	`transaksi_id` INT NOT NULL,
	`nama_transaksi` VARCHAR NOT NULL,
	`kategori` VARCHAR NOT NULL,
	`nominal` int NOT NULL,
	`Tanggal` DATETIME NOT NULL,
	CONSTRAINT 1 PRIMARY KEY(`transaksi_id`)
) DEFAULT CHARACTER SET = utf8 COLLATE = utf8_general_ci', 0)
 2 SYSTEMPATH\Database\BaseConnection.php(692): CodeIgniter\Database\MySQLi\Connection->execute('CREATE TABLE `laporan_11` (
	`transaksi_id` INT NOT NULL,
	`nama_transaksi` VARCHAR NOT NULL,
	`kategori` VARCHAR NOT NULL,
	`nominal` int NOT NULL,
	`Tanggal` DATETIME NOT NULL,
	CONSTRAINT 1 PRIMARY KEY(`transaksi_id`)
) DEFAULT CHARACTER SET = utf8 COLLATE = utf8_general_ci')
 3 SYSTEMPATH\Database\BaseConnection.php(606): CodeIgniter\Database\BaseConnection->simpleQuery('CREATE TABLE `laporan_11` (
	`transaksi_id` INT NOT NULL,
	`nama_transaksi` VARCHAR NOT NULL,
	`kategori` VARCHAR NOT NULL,
	`nominal` int NOT NULL,
	`Tanggal` DATETIME NOT NULL,
	CONSTRAINT 1 PRIMARY KEY(`transaksi_id`)
) DEFAULT CHARACTER SET = utf8 COLLATE = utf8_general_ci')
 4 SYSTEMPATH\Database\Forge.php(546): CodeIgniter\Database\BaseConnection->query('CREATE TABLE `laporan_11` (
	`transaksi_id` INT NOT NULL,
	`nama_transaksi` VARCHAR NOT NULL,
	`kategori` VARCHAR NOT NULL,
	`nominal` int NOT NULL,
	`Tanggal` DATETIME NOT NULL,
	CONSTRAINT 1 PRIMARY KEY(`transaksi_id`)
) DEFAULT CHARACTER SET = utf8 COLLATE = utf8_general_ci')
 5 APPPATH\Models\LaporanModel.php(69): CodeIgniter\Database\Forge->createTable('laporan_11')
 6 APPPATH\Controllers\Catatan.php(43): App\Models\LaporanModel->Newlaporan()
 7 SYSTEMPATH\CodeIgniter.php(934): App\Controllers\Catatan->Inserttable()
 8 SYSTEMPATH\CodeIgniter.php(499): CodeIgniter\CodeIgniter->runController(Object(App\Controllers\Catatan))
 9 SYSTEMPATH\CodeIgniter.php(368): CodeIgniter\CodeIgniter->handleRequest(null, Object(Config\Cache), false)
10 FCPATH\index.php(67): CodeIgniter\CodeIgniter->run()
11 SYSTEMPATH\Commands\Server\rewrite.php(47): require_once('D:\\codeigniter4-framework-5d3d4b2\\public\\index.php')
INFO - 2023-06-15 14:45:36 --> Session: Class initialized using 'CodeIgniter\Session\Handlers\FileHandler' driver.
CRITICAL - 2023-06-15 14:45:36 --> Field information is required for that operation.
in SYSTEMPATH\Database\Forge.php on line 372.
 1 SYSTEMPATH\Database\Forge.php(385): CodeIgniter\Database\Forge->addField('Transaksi_id')
 2 APPPATH\Models\LaporanModel.php(42): CodeIgniter\Database\Forge->addField([...])
 3 APPPATH\Controllers\Catatan.php(43): App\Models\LaporanModel->Newlaporan()
 4 SYSTEMPATH\CodeIgniter.php(934): App\Controllers\Catatan->Inserttable()
 5 SYSTEMPATH\CodeIgniter.php(499): CodeIgniter\CodeIgniter->runController(Object(App\Controllers\Catatan))
 6 SYSTEMPATH\CodeIgniter.php(368): CodeIgniter\CodeIgniter->handleRequest(null, Object(Config\Cache), false)
 7 FCPATH\index.php(67): CodeIgniter\CodeIgniter->run()
 8 SYSTEMPATH\Commands\Server\rewrite.php(47): require_once('D:\\codeigniter4-framework-5d3d4b2\\public\\index.php')
INFO - 2023-06-15 14:46:06 --> Session: Class initialized using 'CodeIgniter\Session\Handlers\FileHandler' driver.
ERROR - 2023-06-15 14:46:06 --> mysqli_sql_exception: You have an error in your SQL syntax; check the manual that corresponds to your MySQL server version for the right syntax to use near 'NOT NULL,
	`kategori` VARCHAR NOT NULL,
	`nominal` int NOT NULL,
	`Tanggal` DATE' at line 3 in D:\codeigniter4-framework-5d3d4b2\system\Database\MySQLi\Connection.php:295
Stack trace:
#0 D:\codeigniter4-framework-5d3d4b2\system\Database\MySQLi\Connection.php(295): mysqli->query('CREATE TABLE `l...', 0)
#1 D:\codeigniter4-framework-5d3d4b2\system\Database\BaseConnection.php(692): CodeIgniter\Database\MySQLi\Connection->execute('CREATE TABLE `l...')
#2 D:\codeigniter4-framework-5d3d4b2\system\Database\BaseConnection.php(606): CodeIgniter\Database\BaseConnection->simpleQuery('CREATE TABLE `l...')
#3 D:\codeigniter4-framework-5d3d4b2\system\Database\Forge.php(546): CodeIgniter\Database\BaseConnection->query('CREATE TABLE `l...')
#4 D:\codeigniter4-framework-5d3d4b2\app\Models\LaporanModel.php(66): CodeIgniter\Database\Forge->createTable('laporan_11')
#5 D:\codeigniter4-framework-5d3d4b2\app\Controllers\Catatan.php(43): App\Models\LaporanModel->Newlaporan()
#6 D:\codeigniter4-framework-5d3d4b2\system\CodeIgniter.php(934): App\Controllers\Catatan->Inserttable()
#7 D:\codeigniter4-framework-5d3d4b2\system\CodeIgniter.php(499): CodeIgniter\CodeIgniter->runController(Object(App\Controllers\Catatan))
#8 D:\codeigniter4-framework-5d3d4b2\system\CodeIgniter.php(368): CodeIgniter\CodeIgniter->handleRequest(NULL, Object(Config\Cache), false)
#9 D:\codeigniter4-framework-5d3d4b2\public\index.php(67): CodeIgniter\CodeIgniter->run()
#10 D:\codeigniter4-framework-5d3d4b2\system\Commands\Server\rewrite.php(47): require_once('D:\\codeigniter4...')
#11 {main}
CRITICAL - 2023-06-15 14:46:06 --> You have an error in your SQL syntax; check the manual that corresponds to your MySQL server version for the right syntax to use near 'NOT NULL,
	`kategori` VARCHAR NOT NULL,
	`nominal` int NOT NULL,
	`Tanggal` DATE' at line 3
in SYSTEMPATH\Database\MySQLi\Connection.php on line 295.
 1 SYSTEMPATH\Database\MySQLi\Connection.php(295): mysqli->query('CREATE TABLE `laporan_11` (
	`Transaksi_id` INT NOT NULL,
	`nama_transaksi` VARCHAR NOT NULL,
	`kategori` VARCHAR NOT NULL,
	`nominal` int NOT NULL,
	`Tanggal` DATETIME NOT NULL
) DEFAULT CHARACTER SET = utf8 COLLATE = utf8_general_ci', 0)
 2 SYSTEMPATH\Database\BaseConnection.php(692): CodeIgniter\Database\MySQLi\Connection->execute('CREATE TABLE `laporan_11` (
	`Transaksi_id` INT NOT NULL,
	`nama_transaksi` VARCHAR NOT NULL,
	`kategori` VARCHAR NOT NULL,
	`nominal` int NOT NULL,
	`Tanggal` DATETIME NOT NULL
) DEFAULT CHARACTER SET = utf8 COLLATE = utf8_general_ci')
 3 SYSTEMPATH\Database\BaseConnection.php(606): CodeIgniter\Database\BaseConnection->simpleQuery('CREATE TABLE `laporan_11` (
	`Transaksi_id` INT NOT NULL,
	`nama_transaksi` VARCHAR NOT NULL,
	`kategori` VARCHAR NOT NULL,
	`nominal` int NOT NULL,
	`Tanggal` DATETIME NOT NULL
) DEFAULT CHARACTER SET = utf8 COLLATE = utf8_general_ci')
 4 SYSTEMPATH\Database\Forge.php(546): CodeIgniter\Database\BaseConnection->query('CREATE TABLE `laporan_11` (
	`Transaksi_id` INT NOT NULL,
	`nama_transaksi` VARCHAR NOT NULL,
	`kategori` VARCHAR NOT NULL,
	`nominal` int NOT NULL,
	`Tanggal` DATETIME NOT NULL
) DEFAULT CHARACTER SET = utf8 COLLATE = utf8_general_ci')
 5 APPPATH\Models\LaporanModel.php(66): CodeIgniter\Database\Forge->createTable('laporan_11')
 6 APPPATH\Controllers\Catatan.php(43): App\Models\LaporanModel->Newlaporan()
 7 SYSTEMPATH\CodeIgniter.php(934): App\Controllers\Catatan->Inserttable()
 8 SYSTEMPATH\CodeIgniter.php(499): CodeIgniter\CodeIgniter->runController(Object(App\Controllers\Catatan))
 9 SYSTEMPATH\CodeIgniter.php(368): CodeIgniter\CodeIgniter->handleRequest(null, Object(Config\Cache), false)
10 FCPATH\index.php(67): CodeIgniter\CodeIgniter->run()
11 SYSTEMPATH\Commands\Server\rewrite.php(47): require_once('D:\\codeigniter4-framework-5d3d4b2\\public\\index.php')
ERROR - 2023-06-15 14:47:16 --> mysqli_sql_exception: You have an error in your SQL syntax; check the manual that corresponds to your MySQL server version for the right syntax to use near 'NOT NULL,
	`kategori` VARCHAR NOT NULL,
	`nominal` int NOT NULL,
	`Tanggal` DATE' at line 3 in D:\codeigniter4-framework-5d3d4b2\system\Database\MySQLi\Connection.php:295
Stack trace:
#0 D:\codeigniter4-framework-5d3d4b2\system\Database\MySQLi\Connection.php(295): mysqli->query('CREATE TABLE `t...', 0)
#1 D:\codeigniter4-framework-5d3d4b2\system\Database\BaseConnection.php(692): CodeIgniter\Database\MySQLi\Connection->execute('CREATE TABLE `t...')
#2 D:\codeigniter4-framework-5d3d4b2\system\Database\BaseConnection.php(606): CodeIgniter\Database\BaseConnection->simpleQuery('CREATE TABLE `t...')
#3 D:\codeigniter4-framework-5d3d4b2\system\Database\Forge.php(546): CodeIgniter\Database\BaseConnection->query('CREATE TABLE `t...')
#4 D:\codeigniter4-framework-5d3d4b2\app\Database\Migrations\2023-06-14-132128_Transaksi.php(36): CodeIgniter\Database\Forge->createTable('table_', true)
#5 D:\codeigniter4-framework-5d3d4b2\system\Database\MigrationRunner.php(877): App\Database\Migrations\Transaksi->up()
#6 D:\codeigniter4-framework-5d3d4b2\system\Database\MigrationRunner.php(188): CodeIgniter\Database\MigrationRunner->migrate('up', Object(stdClass))
#7 D:\codeigniter4-framework-5d3d4b2\system\Commands\Database\Migrate.php(84): CodeIgniter\Database\MigrationRunner->latest(NULL)
#8 D:\codeigniter4-framework-5d3d4b2\system\CLI\Commands.php(65): CodeIgniter\Commands\Database\Migrate->run(Array)
#9 D:\codeigniter4-framework-5d3d4b2\system\CLI\Console.php(37): CodeIgniter\CLI\Commands->run('migrate', Array)
#10 D:\codeigniter4-framework-5d3d4b2\spark(97): CodeIgniter\CLI\Console->run()
#11 {main}
ERROR - 2023-06-15 14:47:48 --> mysqli_sql_exception: You have an error in your SQL syntax; check the manual that corresponds to your MySQL server version for the right syntax to use near 'NOT NULL,
	`kategori` VARCHAR NOT NULL,
	`nominal` int NOT NULL,
	`Tanggal` DATE' at line 3 in D:\codeigniter4-framework-5d3d4b2\system\Database\MySQLi\Connection.php:295
Stack trace:
#0 D:\codeigniter4-framework-5d3d4b2\system\Database\MySQLi\Connection.php(295): mysqli->query('CREATE TABLE `t...', 0)
#1 D:\codeigniter4-framework-5d3d4b2\system\Database\BaseConnection.php(692): CodeIgniter\Database\MySQLi\Connection->execute('CREATE TABLE `t...')
#2 D:\codeigniter4-framework-5d3d4b2\system\Database\BaseConnection.php(606): CodeIgniter\Database\BaseConnection->simpleQuery('CREATE TABLE `t...')
#3 D:\codeigniter4-framework-5d3d4b2\system\Database\Forge.php(546): CodeIgniter\Database\BaseConnection->query('CREATE TABLE `t...')
#4 D:\codeigniter4-framework-5d3d4b2\app\Database\Migrations\2023-06-14-132128_Transaksi.php(35): CodeIgniter\Database\Forge->createTable('table_', true)
#5 D:\codeigniter4-framework-5d3d4b2\system\Database\MigrationRunner.php(877): App\Database\Migrations\Transaksi->up()
#6 D:\codeigniter4-framework-5d3d4b2\system\Database\MigrationRunner.php(188): CodeIgniter\Database\MigrationRunner->migrate('up', Object(stdClass))
#7 D:\codeigniter4-framework-5d3d4b2\system\Commands\Database\Migrate.php(84): CodeIgniter\Database\MigrationRunner->latest(NULL)
#8 D:\codeigniter4-framework-5d3d4b2\system\CLI\Commands.php(65): CodeIgniter\Commands\Database\Migrate->run(Array)
#9 D:\codeigniter4-framework-5d3d4b2\system\CLI\Console.php(37): CodeIgniter\CLI\Commands->run('migrate', Array)
#10 D:\codeigniter4-framework-5d3d4b2\spark(97): CodeIgniter\CLI\Console->run()
#11 {main}
ERROR - 2023-06-15 14:48:18 --> mysqli_sql_exception: You have an error in your SQL syntax; check the manual that corresponds to your MySQL server version for the right syntax to use near 'NOT NULL,
	`kategori` VARCHAR NOT NULL,
	`nominal` int NOT NULL,
	`Tanggal` DATE' at line 3 in D:\codeigniter4-framework-5d3d4b2\system\Database\MySQLi\Connection.php:295
Stack trace:
#0 D:\codeigniter4-framework-5d3d4b2\system\Database\MySQLi\Connection.php(295): mysqli->query('CREATE TABLE `t...', 0)
#1 D:\codeigniter4-framework-5d3d4b2\system\Database\BaseConnection.php(692): CodeIgniter\Database\MySQLi\Connection->execute('CREATE TABLE `t...')
#2 D:\codeigniter4-framework-5d3d4b2\system\Database\BaseConnection.php(606): CodeIgniter\Database\BaseConnection->simpleQuery('CREATE TABLE `t...')
#3 D:\codeigniter4-framework-5d3d4b2\system\Database\Forge.php(546): CodeIgniter\Database\BaseConnection->query('CREATE TABLE `t...')
#4 D:\codeigniter4-framework-5d3d4b2\app\Database\Migrations\2023-06-14-132128_Transaksi.php(35): CodeIgniter\Database\Forge->createTable('table_', true)
#5 D:\codeigniter4-framework-5d3d4b2\system\Database\MigrationRunner.php(877): App\Database\Migrations\Transaksi->up()
#6 D:\codeigniter4-framework-5d3d4b2\system\Database\MigrationRunner.php(188): CodeIgniter\Database\MigrationRunner->migrate('up', Object(stdClass))
#7 D:\codeigniter4-framework-5d3d4b2\system\Commands\Database\Migrate.php(84): CodeIgniter\Database\MigrationRunner->latest(NULL)
#8 D:\codeigniter4-framework-5d3d4b2\system\CLI\Commands.php(65): CodeIgniter\Commands\Database\Migrate->run(Array)
#9 D:\codeigniter4-framework-5d3d4b2\system\CLI\Console.php(37): CodeIgniter\CLI\Commands->run('migrate', Array)
#10 D:\codeigniter4-framework-5d3d4b2\spark(97): CodeIgniter\CLI\Console->run()
#11 {main}
INFO - 2023-06-15 14:49:19 --> Session: Class initialized using 'CodeIgniter\Session\Handlers\FileHandler' driver.
INFO - 2023-06-15 15:03:19 --> Session: Class initialized using 'CodeIgniter\Session\Handlers\FileHandler' driver.
CRITICAL - 2023-06-15 15:03:20 --> Constant expression contains invalid operations
in APPPATH\Models\LaporanModel.php on line 11.
 1 [internal function]: CodeIgniter\Debug\Exceptions->shutdownHandler()
INFO - 2023-06-15 15:08:07 --> Session: Class initialized using 'CodeIgniter\Session\Handlers\FileHandler' driver.
CRITICAL - 2023-06-15 15:08:07 --> Constant expression contains invalid operations
in APPPATH\Models\LaporanModel.php on line 10.
 1 [internal function]: CodeIgniter\Debug\Exceptions->shutdownHandler()
INFO - 2023-06-15 15:08:12 --> Session: Class initialized using 'CodeIgniter\Session\Handlers\FileHandler' driver.
CRITICAL - 2023-06-15 15:08:12 --> Constant expression contains invalid operations
in APPPATH\Models\LaporanModel.php on line 10.
 1 [internal function]: CodeIgniter\Debug\Exceptions->shutdownHandler()
INFO - 2023-06-15 15:08:25 --> Session: Class initialized using 'CodeIgniter\Session\Handlers\FileHandler' driver.
ERROR - 2023-06-15 15:08:26 --> mysqli_sql_exception: Table 'laporan_11' already exists in D:\codeigniter4-framework-5d3d4b2\system\Database\MySQLi\Connection.php:295
Stack trace:
#0 D:\codeigniter4-framework-5d3d4b2\system\Database\MySQLi\Connection.php(295): mysqli->query('CREATE TABLE `l...', 0)
#1 D:\codeigniter4-framework-5d3d4b2\system\Database\BaseConnection.php(692): CodeIgniter\Database\MySQLi\Connection->execute('CREATE TABLE `l...')
#2 D:\codeigniter4-framework-5d3d4b2\system\Database\BaseConnection.php(606): CodeIgniter\Database\BaseConnection->simpleQuery('CREATE TABLE `l...')
#3 D:\codeigniter4-framework-5d3d4b2\system\Database\Forge.php(546): CodeIgniter\Database\BaseConnection->query('CREATE TABLE `l...')
#4 D:\codeigniter4-framework-5d3d4b2\app\Models\LaporanModel.php(69): CodeIgniter\Database\Forge->createTable('laporan_11')
#5 D:\codeigniter4-framework-5d3d4b2\app\Controllers\Catatan.php(48): App\Models\LaporanModel->Newlaporan()
#6 D:\codeigniter4-framework-5d3d4b2\system\CodeIgniter.php(934): App\Controllers\Catatan->Inserttable()
#7 D:\codeigniter4-framework-5d3d4b2\system\CodeIgniter.php(499): CodeIgniter\CodeIgniter->runController(Object(App\Controllers\Catatan))
#8 D:\codeigniter4-framework-5d3d4b2\system\CodeIgniter.php(368): CodeIgniter\CodeIgniter->handleRequest(NULL, Object(Config\Cache), false)
#9 D:\codeigniter4-framework-5d3d4b2\public\index.php(67): CodeIgniter\CodeIgniter->run()
#10 D:\codeigniter4-framework-5d3d4b2\system\Commands\Server\rewrite.php(47): require_once('D:\\codeigniter4...')
#11 {main}
CRITICAL - 2023-06-15 15:08:26 --> Table 'laporan_11' already exists
in SYSTEMPATH\Database\MySQLi\Connection.php on line 295.
 1 SYSTEMPATH\Database\MySQLi\Connection.php(295): mysqli->query('CREATE TABLE `laporan_11` (
	`Transaksi_id` INT NOT NULL,
	`nama_transaksi` VARCHAR(100) NOT NULL,
	`kategori` VARCHAR(40) NOT NULL,
	`nominal` int(13) NOT NULL,
	`Tanggal` DATETIME NOT NULL
) DEFAULT CHARACTER SET = utf8 COLLATE = utf8_general_ci', 0)
 2 SYSTEMPATH\Database\BaseConnection.php(692): CodeIgniter\Database\MySQLi\Connection->execute('CREATE TABLE `laporan_11` (
	`Transaksi_id` INT NOT NULL,
	`nama_transaksi` VARCHAR(100) NOT NULL,
	`kategori` VARCHAR(40) NOT NULL,
	`nominal` int(13) NOT NULL,
	`Tanggal` DATETIME NOT NULL
) DEFAULT CHARACTER SET = utf8 COLLATE = utf8_general_ci')
 3 SYSTEMPATH\Database\BaseConnection.php(606): CodeIgniter\Database\BaseConnection->simpleQuery('CREATE TABLE `laporan_11` (
	`Transaksi_id` INT NOT NULL,
	`nama_transaksi` VARCHAR(100) NOT NULL,
	`kategori` VARCHAR(40) NOT NULL,
	`nominal` int(13) NOT NULL,
	`Tanggal` DATETIME NOT NULL
) DEFAULT CHARACTER SET = utf8 COLLATE = utf8_general_ci')
 4 SYSTEMPATH\Database\Forge.php(546): CodeIgniter\Database\BaseConnection->query('CREATE TABLE `laporan_11` (
	`Transaksi_id` INT NOT NULL,
	`nama_transaksi` VARCHAR(100) NOT NULL,
	`kategori` VARCHAR(40) NOT NULL,
	`nominal` int(13) NOT NULL,
	`Tanggal` DATETIME NOT NULL
) DEFAULT CHARACTER SET = utf8 COLLATE = utf8_general_ci')
 5 APPPATH\Models\LaporanModel.php(69): CodeIgniter\Database\Forge->createTable('laporan_11')
 6 APPPATH\Controllers\Catatan.php(48): App\Models\LaporanModel->Newlaporan()
 7 SYSTEMPATH\CodeIgniter.php(934): App\Controllers\Catatan->Inserttable()
 8 SYSTEMPATH\CodeIgniter.php(499): CodeIgniter\CodeIgniter->runController(Object(App\Controllers\Catatan))
 9 SYSTEMPATH\CodeIgniter.php(368): CodeIgniter\CodeIgniter->handleRequest(null, Object(Config\Cache), false)
10 FCPATH\index.php(67): CodeIgniter\CodeIgniter->run()
11 SYSTEMPATH\Commands\Server\rewrite.php(47): require_once('D:\\codeigniter4-framework-5d3d4b2\\public\\index.php')
INFO - 2023-06-15 15:09:21 --> Session: Class initialized using 'CodeIgniter\Session\Handlers\FileHandler' driver.
INFO - 2023-06-15 15:09:56 --> Session: Class initialized using 'CodeIgniter\Session\Handlers\FileHandler' driver.
INFO - 2023-06-15 15:10:13 --> Session: Class initialized using 'CodeIgniter\Session\Handlers\FileHandler' driver.
CRITICAL - 2023-06-15 15:11:01 --> "alphanumeric" is not a valid rule.
in SYSTEMPATH\Validation\Validation.php on line 320.
 1 SYSTEMPATH\Validation\Validation.php(320): CodeIgniter\Validation\Exceptions\ValidationException::forRuleNotFound('alphanumeric')
 2 SYSTEMPATH\Validation\Validation.php(170): CodeIgniter\Validation\Validation->processRules('nama_transaksi', 'nama_transaksi', null, [...], [...])
 3 SYSTEMPATH\Controller.php(140): CodeIgniter\Validation\Validation->run()
 4 APPPATH\Controllers\Catatan.php(32): CodeIgniter\Controller->validate([...])
 5 SYSTEMPATH\CodeIgniter.php(934): App\Controllers\Catatan->Insertdata()
 6 SYSTEMPATH\CodeIgniter.php(499): CodeIgniter\CodeIgniter->runController(Object(App\Controllers\Catatan))
 7 SYSTEMPATH\CodeIgniter.php(368): CodeIgniter\CodeIgniter->handleRequest(null, Object(Config\Cache), false)
 8 FCPATH\index.php(67): CodeIgniter\CodeIgniter->run()
 9 SYSTEMPATH\Commands\Server\rewrite.php(47): require_once('D:\\codeigniter4-framework-5d3d4b2\\public\\index.php')
INFO - 2023-06-15 15:12:05 --> Session: Class initialized using 'CodeIgniter\Session\Handlers\FileHandler' driver.
INFO - 2023-06-15 15:12:23 --> Session: Class initialized using 'CodeIgniter\Session\Handlers\FileHandler' driver.
INFO - 2023-06-15 15:18:01 --> Session: Class initialized using 'CodeIgniter\Session\Handlers\FileHandler' driver.
INFO - 2023-06-15 15:18:46 --> Session: Class initialized using 'CodeIgniter\Session\Handlers\FileHandler' driver.
INFO - 2023-06-15 15:27:24 --> Session: Class initialized using 'CodeIgniter\Session\Handlers\FileHandler' driver.
INFO - 2023-06-15 15:28:03 --> Session: Class initialized using 'CodeIgniter\Session\Handlers\FileHandler' driver.
INFO - 2023-06-15 15:30:55 --> Session: Class initialized using 'CodeIgniter\Session\Handlers\FileHandler' driver.
INFO - 2023-06-15 15:31:01 --> Session: Class initialized using 'CodeIgniter\Session\Handlers\FileHandler' driver.
INFO - 2023-06-15 15:34:25 --> Session: Class initialized using 'CodeIgniter\Session\Handlers\FileHandler' driver.
INFO - 2023-06-15 15:34:35 --> Session: Class initialized using 'CodeIgniter\Session\Handlers\FileHandler' driver.
INFO - 2023-06-15 15:37:59 --> Session: Class initialized using 'CodeIgniter\Session\Handlers\FileHandler' driver.
INFO - 2023-06-15 15:38:03 --> Session: Class initialized using 'CodeIgniter\Session\Handlers\FileHandler' driver.
INFO - 2023-06-15 15:38:23 --> Session: Class initialized using 'CodeIgniter\Session\Handlers\FileHandler' driver.
INFO - 2023-06-15 15:38:26 --> Session: Class initialized using 'CodeIgniter\Session\Handlers\FileHandler' driver.
INFO - 2023-06-15 15:40:23 --> Session: Class initialized using 'CodeIgniter\Session\Handlers\FileHandler' driver.
INFO - 2023-06-15 15:40:29 --> Session: Class initialized using 'CodeIgniter\Session\Handlers\FileHandler' driver.
INFO - 2023-06-15 15:40:35 --> Session: Class initialized using 'CodeIgniter\Session\Handlers\FileHandler' driver.
INFO - 2023-06-15 15:44:59 --> Session: Class initialized using 'CodeIgniter\Session\Handlers\FileHandler' driver.
INFO - 2023-06-15 15:45:02 --> Session: Class initialized using 'CodeIgniter\Session\Handlers\FileHandler' driver.
INFO - 2023-06-15 15:45:41 --> Session: Class initialized using 'CodeIgniter\Session\Handlers\FileHandler' driver.
INFO - 2023-06-15 15:46:13 --> Session: Class initialized using 'CodeIgniter\Session\Handlers\FileHandler' driver.
INFO - 2023-06-15 15:46:19 --> Session: Class initialized using 'CodeIgniter\Session\Handlers\FileHandler' driver.
CRITICAL - 2023-06-15 15:46:19 --> Undefined array key "keterangan"
in APPPATH\Models\LaporanModel.php on line 23.
 1 APPPATH\Models\LaporanModel.php(23): CodeIgniter\Debug\Exceptions->errorHandler(2, 'Undefined array key "keterangan"', 'D:\\codeigniter4-framework-5d3d4b2\\app\\Models\\LaporanModel.php', 23)
 2 APPPATH\Controllers\Catatan.php(33): App\Models\LaporanModel->Insertlaporan([...], 'laporan_11')
 3 SYSTEMPATH\CodeIgniter.php(934): App\Controllers\Catatan->Insertdata()
 4 SYSTEMPATH\CodeIgniter.php(499): CodeIgniter\CodeIgniter->runController(Object(App\Controllers\Catatan))
 5 SYSTEMPATH\CodeIgniter.php(368): CodeIgniter\CodeIgniter->handleRequest(null, Object(Config\Cache), false)
 6 FCPATH\index.php(67): CodeIgniter\CodeIgniter->run()
 7 SYSTEMPATH\Commands\Server\rewrite.php(47): require_once('D:\\codeigniter4-framework-5d3d4b2\\public\\index.php')
INFO - 2023-06-15 15:46:50 --> Session: Class initialized using 'CodeIgniter\Session\Handlers\FileHandler' driver.
CRITICAL - 2023-06-15 15:46:50 --> Undefined array key "Tanggal"
in APPPATH\Models\LaporanModel.php on line 26.
 1 APPPATH\Models\LaporanModel.php(26): CodeIgniter\Debug\Exceptions->errorHandler(2, 'Undefined array key "Tanggal"', 'D:\\codeigniter4-framework-5d3d4b2\\app\\Models\\LaporanModel.php', 26)
 2 APPPATH\Controllers\Catatan.php(33): App\Models\LaporanModel->Insertlaporan([...], 'laporan_11')
 3 SYSTEMPATH\CodeIgniter.php(934): App\Controllers\Catatan->Insertdata()
 4 SYSTEMPATH\CodeIgniter.php(499): CodeIgniter\CodeIgniter->runController(Object(App\Controllers\Catatan))
 5 SYSTEMPATH\CodeIgniter.php(368): CodeIgniter\CodeIgniter->handleRequest(null, Object(Config\Cache), false)
 6 FCPATH\index.php(67): CodeIgniter\CodeIgniter->run()
 7 SYSTEMPATH\Commands\Server\rewrite.php(47): require_once('D:\\codeigniter4-framework-5d3d4b2\\public\\index.php')
INFO - 2023-06-15 15:47:01 --> Session: Class initialized using 'CodeIgniter\Session\Handlers\FileHandler' driver.
INFO - 2023-06-15 15:50:55 --> Session: Class initialized using 'CodeIgniter\Session\Handlers\FileHandler' driver.
CRITICAL - 2023-06-15 15:50:55 --> Undefined variable $validation
in APPPATH\Views\view_catatan.php on line 19.
 1 APPPATH\Views\view_catatan.php(19): CodeIgniter\Debug\Exceptions->errorHandler(2, 'Undefined variable $validation', 'D:\\codeigniter4-framework-5d3d4b2\\app\\Views\\view_catatan.php', 19)
 2 SYSTEMPATH\View\View.php(213): include('D:\\codeigniter4-framework-5d3d4b2\\app\\Views\\view_catatan.php')
 3 SYSTEMPATH\View\View.php(216): CodeIgniter\View\View->CodeIgniter\View\{closure}()
 4 SYSTEMPATH\Common.php(1184): CodeIgniter\View\View->render('view_catatan', [], true)
 5 APPPATH\Controllers\Catatan.php(18): view('view_catatan')
 6 SYSTEMPATH\CodeIgniter.php(934): App\Controllers\Catatan->index()
 7 SYSTEMPATH\CodeIgniter.php(499): CodeIgniter\CodeIgniter->runController(Object(App\Controllers\Catatan))
 8 SYSTEMPATH\CodeIgniter.php(368): CodeIgniter\CodeIgniter->handleRequest(null, Object(Config\Cache), false)
 9 FCPATH\index.php(67): CodeIgniter\CodeIgniter->run()
10 SYSTEMPATH\Commands\Server\rewrite.php(47): require_once('D:\\codeigniter4-framework-5d3d4b2\\public\\index.php')
INFO - 2023-06-15 15:50:56 --> Session: Class initialized using 'CodeIgniter\Session\Handlers\FileHandler' driver.
CRITICAL - 2023-06-15 15:50:56 --> Undefined variable $validation
in APPPATH\Views\view_catatan.php on line 19.
 1 APPPATH\Views\view_catatan.php(19): CodeIgniter\Debug\Exceptions->errorHandler(2, 'Undefined variable $validation', 'D:\\codeigniter4-framework-5d3d4b2\\app\\Views\\view_catatan.php', 19)
 2 SYSTEMPATH\View\View.php(213): include('D:\\codeigniter4-framework-5d3d4b2\\app\\Views\\view_catatan.php')
 3 SYSTEMPATH\View\View.php(216): CodeIgniter\View\View->CodeIgniter\View\{closure}()
 4 SYSTEMPATH\Common.php(1184): CodeIgniter\View\View->render('view_catatan', [], true)
 5 APPPATH\Controllers\Catatan.php(18): view('view_catatan')
 6 SYSTEMPATH\CodeIgniter.php(934): App\Controllers\Catatan->index()
 7 SYSTEMPATH\CodeIgniter.php(499): CodeIgniter\CodeIgniter->runController(Object(App\Controllers\Catatan))
 8 SYSTEMPATH\CodeIgniter.php(368): CodeIgniter\CodeIgniter->handleRequest(null, Object(Config\Cache), false)
 9 FCPATH\index.php(67): CodeIgniter\CodeIgniter->run()
10 SYSTEMPATH\Commands\Server\rewrite.php(47): require_once('D:\\codeigniter4-framework-5d3d4b2\\public\\index.php')
INFO - 2023-06-15 15:51:13 --> Session: Class initialized using 'CodeIgniter\Session\Handlers\FileHandler' driver.
INFO - 2023-06-15 15:51:23 --> Session: Class initialized using 'CodeIgniter\Session\Handlers\FileHandler' driver.
INFO - 2023-06-15 15:52:26 --> Session: Class initialized using 'CodeIgniter\Session\Handlers\FileHandler' driver.
INFO - 2023-06-15 15:52:28 --> Session: Class initialized using 'CodeIgniter\Session\Handlers\FileHandler' driver.
INFO - 2023-06-15 15:52:29 --> Session: Class initialized using 'CodeIgniter\Session\Handlers\FileHandler' driver.
INFO - 2023-06-15 15:53:12 --> Session: Class initialized using 'CodeIgniter\Session\Handlers\FileHandler' driver.
INFO - 2023-06-15 15:53:17 --> Session: Class initialized using 'CodeIgniter\Session\Handlers\FileHandler' driver.
INFO - 2023-06-15 15:53:26 --> Session: Class initialized using 'CodeIgniter\Session\Handlers\FileHandler' driver.
ERROR - 2023-06-15 15:53:26 --> mysqli_sql_exception: Duplicate entry '0' for key 'laporan_11.PRIMARY' in D:\codeigniter4-framework-5d3d4b2\system\Database\MySQLi\Connection.php:295
Stack trace:
#0 D:\codeigniter4-framework-5d3d4b2\system\Database\MySQLi\Connection.php(295): mysqli->query('INSERT INTO `la...', 0)
#1 D:\codeigniter4-framework-5d3d4b2\system\Database\BaseConnection.php(692): CodeIgniter\Database\MySQLi\Connection->execute('INSERT INTO `la...')
#2 D:\codeigniter4-framework-5d3d4b2\system\Database\BaseConnection.php(606): CodeIgniter\Database\BaseConnection->simpleQuery('INSERT INTO `la...')
#3 D:\codeigniter4-framework-5d3d4b2\system\Database\BaseBuilder.php(2309): CodeIgniter\Database\BaseConnection->query('INSERT INTO `la...', Array, false)
#4 D:\codeigniter4-framework-5d3d4b2\app\Models\LaporanModel.php(28): CodeIgniter\Database\BaseBuilder->insert(Array)
#5 D:\codeigniter4-framework-5d3d4b2\app\Controllers\Catatan.php(33): App\Models\LaporanModel->Insertlaporan(Array, 'laporan_11')
#6 D:\codeigniter4-framework-5d3d4b2\system\CodeIgniter.php(934): App\Controllers\Catatan->Insertdata()
#7 D:\codeigniter4-framework-5d3d4b2\system\CodeIgniter.php(499): CodeIgniter\CodeIgniter->runController(Object(App\Controllers\Catatan))
#8 D:\codeigniter4-framework-5d3d4b2\system\CodeIgniter.php(368): CodeIgniter\CodeIgniter->handleRequest(NULL, Object(Config\Cache), false)
#9 D:\codeigniter4-framework-5d3d4b2\public\index.php(67): CodeIgniter\CodeIgniter->run()
#10 D:\codeigniter4-framework-5d3d4b2\system\Commands\Server\rewrite.php(47): require_once('D:\\codeigniter4...')
#11 {main}
CRITICAL - 2023-06-15 15:53:26 --> Duplicate entry '0' for key 'laporan_11.PRIMARY'
in SYSTEMPATH\Database\MySQLi\Connection.php on line 295.
 1 SYSTEMPATH\Database\MySQLi\Connection.php(295): mysqli->query('INSERT INTO `laporan_11` (`nama_transaksi`, `kategori`, `nominal`, `Tanggal`) VALUES (\'sadadasd\', \'1\', \'1222\', \'2023-06-13\')', 0)
 2 SYSTEMPATH\Database\BaseConnection.php(692): CodeIgniter\Database\MySQLi\Connection->execute('INSERT INTO `laporan_11` (`nama_transaksi`, `kategori`, `nominal`, `Tanggal`) VALUES (\'sadadasd\', \'1\', \'1222\', \'2023-06-13\')')
 3 SYSTEMPATH\Database\BaseConnection.php(606): CodeIgniter\Database\BaseConnection->simpleQuery('INSERT INTO `laporan_11` (`nama_transaksi`, `kategori`, `nominal`, `Tanggal`) VALUES (\'sadadasd\', \'1\', \'1222\', \'2023-06-13\')')
 4 SYSTEMPATH\Database\BaseBuilder.php(2309): CodeIgniter\Database\BaseConnection->query('INSERT INTO `laporan_11` (`nama_transaksi`, `kategori`, `nominal`, `Tanggal`) VALUES (:nama_transaksi:, :kategori:, :nominal:, :Tanggal:)', [...], false)
 5 APPPATH\Models\LaporanModel.php(28): CodeIgniter\Database\BaseBuilder->insert([...])
 6 APPPATH\Controllers\Catatan.php(33): App\Models\LaporanModel->Insertlaporan([...], 'laporan_11')
 7 SYSTEMPATH\CodeIgniter.php(934): App\Controllers\Catatan->Insertdata()
 8 SYSTEMPATH\CodeIgniter.php(499): CodeIgniter\CodeIgniter->runController(Object(App\Controllers\Catatan))
 9 SYSTEMPATH\CodeIgniter.php(368): CodeIgniter\CodeIgniter->handleRequest(null, Object(Config\Cache), false)
10 FCPATH\index.php(67): CodeIgniter\CodeIgniter->run()
11 SYSTEMPATH\Commands\Server\rewrite.php(47): require_once('D:\\codeigniter4-framework-5d3d4b2\\public\\index.php')
INFO - 2023-06-15 15:54:22 --> Session: Class initialized using 'CodeIgniter\Session\Handlers\FileHandler' driver.
INFO - 2023-06-15 15:54:24 --> Session: Class initialized using 'CodeIgniter\Session\Handlers\FileHandler' driver.
INFO - 2023-06-15 15:54:24 --> Session: Class initialized using 'CodeIgniter\Session\Handlers\FileHandler' driver.
INFO - 2023-06-15 15:54:32 --> Session: Class initialized using 'CodeIgniter\Session\Handlers\FileHandler' driver.
INFO - 2023-06-15 15:54:39 --> Session: Class initialized using 'CodeIgniter\Session\Handlers\FileHandler' driver.
INFO - 2023-06-15 15:54:48 --> Session: Class initialized using 'CodeIgniter\Session\Handlers\FileHandler' driver.
